<?xml version="1.0" encoding="utf-8" standalone="no"?>
<!--This file represents the results of running a test suite-->
<test-results name="bowling.exe" total="6" errors="0" failures="0" not-run="0" inconclusive="0" ignored="0" skipped="0" invalid="0" date="2010-08-12" time="02:00:45">
  <environment nunit-version="2.5.5.10112" clr-version="2.0.50727.1433" os-version="Unix 9.8.0.0" platform="Unix" cwd="/Users/leandro/Projects/fsharp/fsharp-learning/bowling-with-nunit" machine-name="codezone.local" user="leandro" user-domain="codezone.local" />
  <culture-info current-culture="" current-uiculture="" />
  <test-suite type="Assembly" name="bowling.exe" executed="True" result="Success" success="True" time="0.065" asserts="0">
    <results>
      <test-suite type="TestFixture" name="Bowling+BowlingTestCases" executed="True" result="Success" success="True" time="0.057" asserts="0">
        <results>
          <test-case name="Bowling+BowlingTestCases.ScorePerfectGame" executed="True" result="Success" success="True" time="0.021" asserts="1" />
          <test-case name="Bowling+BowlingTestCases.ScoreSpare" executed="True" result="Success" success="True" time="0.000" asserts="1" />
          <test-case name="Bowling+BowlingTestCases.ScoreStrike" executed="True" result="Success" success="True" time="0.000" asserts="1" />
          <test-case name="Bowling+BowlingTestCases.SimpleScoring" executed="True" result="Success" success="True" time="0.000" asserts="1" />
          <test-case name="Bowling+BowlingTestCases.SpareLastFrame" executed="True" result="Success" success="True" time="0.008" asserts="1" />
          <test-case name="Bowling+BowlingTestCases.StrikeLastFrame" executed="True" result="Success" success="True" time="0.001" asserts="1" />
        </results>
      </test-suite>
    </results>
  </test-suite>
</test-results>